----------
stdout
----------
scons: Reading SConscript files ...
No Arduino version specified. Discovered version 100 or above
maximum size for hex file: 14336 bytes
scons: done reading SConscript files.
scons: Building targets ...
scons: building associated VariantDir targets: build/local build
fnProcessing(["build/Blink.cpp"], ["build/Blink.ino"])
void setup();
void loop();
/tmp/pyavrutils_e8Yl07/Blink/Blink.ino Blink
avr-g++ -o build/Blink.o -c -ffunction-sections -fdata-sections -fno-exceptions -Wall -funsigned-char -funsigned-bitfields -fpack-struct -fshort-enums -Os -mmcu=atmega168 -DARDUINO=100 -DF_CPU=16000000L -Ibuild/core -I/home/titi/opt/arduino-1.0/hardware/arduino/variants/standard -Ibuild/lib_00/SoftUsb build/Blink.cpp
scons: building terminated because of errors.

----------
stderr
----------
build/Blink.ino:2:21: fatal error: OneWire.h: No such file or directory
compilation terminated.
scons: *** [build/Blink.o] Error 1