----------
stdout
----------
scons: Reading SConscript files ...
No Arduino version specified. Discovered version 0023 or below
maximum size for hex file: 30720 bytes
scons: done reading SConscript files.
scons: Building targets ...
scons: building associated VariantDir targets: build/local build
fnProcessing(["build/OneWire.cpp"], ["build/OneWire.pde"])
void setup();
void loop();
/tmp/pyavrutils_Aei6jH/OneWire/OneWire.pde OneWire
avr-g++ -o build/OneWire.o -c -ffunction-sections -fdata-sections -fno-exceptions -Wall -funsigned-char -funsigned-bitfields -fpack-struct -fshort-enums -Os -mmcu=atmega328p -DARDUINO=23 -DF_CPU=16000000L -Ibuild/core -Ibuild/lib_00/SoftUsb build/OneWire.cpp
scons: building terminated because of errors.

----------
stderr
----------
build/OneWire.pde:2:21: fatal error: OneWire.h: No such file or directory
compilation terminated.
scons: *** [build/OneWire.o] Error 1