----------
stdout
----------
scons: Reading SConscript files ...
{   'ARDUINO_BOARD': ('dfl', 'atmega328'),
    'ARDUINO_HOME': ('arg', '/home/titi/opt/arduino-1.0.3'),
    'ARDUINO_PORT': ('dfl', None),
    'ARDUINO_VER': ('dfl', 0),
    'AVR_HOME': ('arg', '/home/titi/opt/arduino-1.0.3/hardware/tools/avr/bin'),
    'EXTRA_LIB': ('dfl', None),
    'RST_TRIGGER': ('dfl', None),
    'SKETCHBOOK_HOME': ('dfl', '/home/titi/share/arduino/sketchbook/')}
No Arduino version specified. Discovered version 100 or above
maximum size for hex file: 30720 bytes
scons: done reading SConscript files.
scons: Building targets ...
scons: building associated VariantDir targets: build/local build
fnProcessing(["build/OneWire.cpp"], ["build/OneWire.ino"])
void setup();
void loop();
/tmp/pyavrutils_TWzToN/OneWire/OneWire.ino OneWire
/home/titi/opt/arduino-1.0.3/hardware/tools/avr/bin/avr-g++ -o build/OneWire.o -c -ffunction-sections -fdata-sections -fno-exceptions -funsigned-char -funsigned-bitfields -fpack-struct -fshort-enums -Os -Wall -mmcu=atmega8 -DARDUINO=100 -DF_CPU=16000000 -Ibuild/core -I/home/titi/opt/arduino-1.0.3/hardware/arduino/variants/standard -Ibuild/lib_00/SoftUsb -Ibuild/lib_00/OneWire build/OneWire.cpp
scons: building terminated because of errors.

----------
stderr
----------
In file included from build/lib_00/SoftUsb/SoftUsb.h:22,
                 from build/OneWire.ino:4:
build/lib_00/SoftUsb/SoftUsb_const.h:9:1: warning: "PE" redefined
In file included from /home/titi/opt/arduino-1.0.3/hardware/tools/avr/bin/../lib/gcc/avr/4.3.2/../../../avr/include/avr/io.h:236,
                 from /home/titi/opt/arduino-1.0.3/hardware/tools/avr/bin/../lib/gcc/avr/4.3.2/../../../avr/include/avr/pgmspace.h:82,
                 from build/core/Arduino.h:8,
                 from build/OneWire.cpp:1:
/home/titi/opt/arduino-1.0.3/hardware/tools/avr/bin/../lib/gcc/avr/4.3.2/../../../avr/include/avr/iom8.h:516:1: warning: this is the location of the previous definition
In file included from build/lib_00/SoftUsb/SoftUsb.h:22,
                 from build/OneWire.ino:4:
build/lib_00/SoftUsb/SoftUsb_const.h:32: warning: only initialized variables can be placed into program memory area
In file included from build/lib_00/SoftUsb/SoftUsb.h:22,
                 from build/OneWire.ino:4:
build/lib_00/SoftUsb/SoftUsb_const.h:41: warning: only initialized variables can be placed into program memory area
In file included from build/lib_00/SoftUsb/SoftUsb.h:22,
                 from build/OneWire.ino:4:
build/lib_00/SoftUsb/SoftUsb_const.h:51: warning: only initialized variables can be placed into program memory area
In file included from build/lib_00/SoftUsb/SoftUsb.h:22,
                 from build/OneWire.ino:4:
build/lib_00/SoftUsb/SoftUsb_const.h:61: warning: only initialized variables can be placed into program memory area
In file included from build/lib_00/SoftUsb/SoftUsb.h:23,
                 from build/OneWire.ino:4:
build/lib_00/SoftUsb/SoftUsb_timer.h: In function 'uint8_t counter_overflow()':
build/lib_00/SoftUsb/SoftUsb_timer.h:39: error: 'TIFR1' was not declared in this scope
build/lib_00/SoftUsb/SoftUsb_timer.h: In function 'uint8_t counter_overflow_reset()':
build/lib_00/SoftUsb/SoftUsb_timer.h:44: error: 'TIFR1' was not declared in this scope
build/lib_00/SoftUsb/SoftUsb_timer.h: In function 'void timer_start()':
build/lib_00/SoftUsb/SoftUsb_timer.h:104: error: 'GTCCR' was not declared in this scope
build/lib_00/SoftUsb/SoftUsb_timer.h:104: error: 'PSRASY' was not declared in this scope
build/lib_00/SoftUsb/SoftUsb_timer.h:105: error: 'TCCR2B' was not declared in this scope
build/lib_00/SoftUsb/SoftUsb_timer.h:106: error: 'TIMSK2' was not declared in this scope
build/lib_00/SoftUsb/SoftUsb_timer.h:106: error: 'OCIE2A' was not declared in this scope
build/lib_00/SoftUsb/SoftUsb_timer.h: At global scope:
build/lib_00/SoftUsb/SoftUsb_timer.h:236: warning: 'TIMER2_COMPA_vect' appears to be a misspelled signal handler
In file included from build/OneWire.ino:4:
build/lib_00/SoftUsb/SoftUsb.h: In function 'unsigned char SoftUsb_UsbFunctionSetup(unsigned char*)':
build/lib_00/SoftUsb/SoftUsb.h:258: warning: comparison between signed and unsigned integer expressions
scons: *** [build/OneWire.o] Error 1