----------
stdout
----------
scons: Reading SConscript files ...
No Arduino version specified. Discovered version 0023 or below
maximum size for hex file: 4096 bytes
scons: done reading SConscript files.
scons: Building targets ...
scons: building associated VariantDir targets: build/local build
fnProcessing(["build/Basic.cpp"], ["build/Basic.pde"])
void setup();
void loop();
/tmp/pyavrutils_5Vz1vn/Basic/Basic.pde Basic
avr-g++ -o build/Basic.o -c -ffunction-sections -fdata-sections -fno-exceptions -Wall -funsigned-char -funsigned-bitfields -fpack-struct -fshort-enums -Os -mmcu=attiny85 -DARDUINO=23 -DF_CPU=8000000L -Ibuild/core -Ibuild/lib_00/SoftUsb build/Basic.cpp
scons: building terminated because of errors.

----------
stderr
----------
In file included from build/Basic.pde:1:0:
build/lib_00/SoftUsb/SoftUsb.h:109:32: warning: only initialized variables can be placed into program memory area
In file included from build/Basic.pde:1:0:
build/lib_00/SoftUsb/SoftUsb.h:118:38: warning: only initialized variables can be placed into program memory area
In file included from build/Basic.pde:1:0:
build/lib_00/SoftUsb/SoftUsb.h:127:35: warning: only initialized variables can be placed into program memory area
In file included from build/Basic.pde:1:0:
build/lib_00/SoftUsb/SoftUsb.h: In member function 'void SoftUsb::begin()':
build/lib_00/SoftUsb/SoftUsb.h:445:1: error: 'DDRD' was not declared in this scope
scons: *** [build/Basic.o] Error 1