----------
stdout
----------
scons: Reading SConscript files ...
No Arduino version specified. Discovered version 0023 or below
maximum size for hex file: 258048 bytes
scons: done reading SConscript files.
scons: Building targets ...
scons: building associated VariantDir targets: build/local build
fnProcessing(["build/Blink.cpp"], ["build/Blink.pde"])
void setup();
void loop();
/tmp/pyavrutils__1ZZw1/Blink/Blink.pde Blink
avr-g++ -o build/Blink.o -c -ffunction-sections -fdata-sections -fno-exceptions -Wall -funsigned-char -funsigned-bitfields -fpack-struct -fshort-enums -Os -mmcu=atmega2560 -DARDUINO=23 -DF_CPU=16000000L -Ibuild/core -Ibuild/lib_00/SoftUsb build/Blink.cpp
scons: building terminated because of errors.

----------
stderr
----------
build/Blink.pde:2:21: fatal error: OneWire.h: No such file or directory
compilation terminated.
scons: *** [build/Blink.o] Error 1