----------
stdout
----------
scons: Reading SConscript files ...
No Arduino version specified. Discovered version 0023 or below
maximum size for hex file: 14336 bytes
scons: done reading SConscript files.
scons: Building targets ...
scons: building associated VariantDir targets: build/local build
fnProcessing(["build/OneWire.cpp"], ["build/OneWire.pde"])
void setup();
void loop();
/tmp/pyavrutils_kwBkF8/OneWire/OneWire.pde OneWire
avr-g++ -o build/OneWire.o -c -ffunction-sections -fdata-sections -fno-exceptions -Wall -funsigned-char -funsigned-bitfields -fpack-struct -fshort-enums -Os -mmcu=atmega165p -DARDUINO=23 -DF_CPU=8000000L -Ibuild/core -Ibuild/lib_00/OneWire -Ibuild/lib_00/SoftUsb build/OneWire.cpp
scons: building terminated because of errors.

----------
stderr
----------
In file included from build/OneWire.pde:4:0:
build/lib_00/SoftUsb/SoftUsb.h:105:32: warning: only initialized variables can be placed into program memory area
In file included from build/OneWire.pde:4:0:
build/lib_00/SoftUsb/SoftUsb.h:114:38: warning: only initialized variables can be placed into program memory area
In file included from build/OneWire.pde:4:0:
build/lib_00/SoftUsb/SoftUsb.h:123:35: warning: only initialized variables can be placed into program memory area
In file included from build/lib_00/SoftUsb/SoftUsb.h:125:0,
                 from build/OneWire.pde:4:
build/lib_00/SoftUsb/generated_intdefs.h:26:1: error: 'ONEWIRE_BUS_COUNT' was not declared in this scope
scons: *** [build/OneWire.o] Error 1