----------
stdout
----------
scons: Reading SConscript files ...
No Arduino version specified. Discovered version 0023 or below
maximum size for hex file: 4096 bytes
scons: done reading SConscript files.
scons: Building targets ...
scons: building associated VariantDir targets: build/local build
fnProcessing(["build/Simple.cpp"], ["build/Simple.pde"])
void setup();
void loop();
/tmp/pyavrutils_FelWia/Simple/Simple.pde Simple
avr-g++ -o build/Simple.o -c -ffunction-sections -fdata-sections -fno-exceptions -Wall -funsigned-char -funsigned-bitfields -fpack-struct -fshort-enums -Os -mmcu=attiny45 -DARDUINO=23 -DF_CPU=8000000L -Ibuild/core -Ibuild/lib_00/SoftUsb build/Simple.cpp
avr-g++ -o build/core/HardwareSerial.o -c -ffunction-sections -fdata-sections -fno-exceptions -Wall -funsigned-char -funsigned-bitfields -fpack-struct -fshort-enums -Os -mmcu=attiny45 -DARDUINO=23 -DF_CPU=8000000L -Ibuild/core -Ibuild/lib_00/SoftUsb build/core/HardwareSerial.cpp
avr-g++ -o build/core/Print.o -c -ffunction-sections -fdata-sections -fno-exceptions -Wall -funsigned-char -funsigned-bitfields -fpack-struct -fshort-enums -Os -mmcu=attiny45 -DARDUINO=23 -DF_CPU=8000000L -Ibuild/core -Ibuild/lib_00/SoftUsb build/core/Print.cpp
avr-g++ -o build/core/Tone.o -c -ffunction-sections -fdata-sections -fno-exceptions -Wall -funsigned-char -funsigned-bitfields -fpack-struct -fshort-enums -Os -mmcu=attiny45 -DARDUINO=23 -DF_CPU=8000000L -Ibuild/core -Ibuild/lib_00/SoftUsb build/core/Tone.cpp
avr-gcc -o build/core/WInterrupts.o -c -ffunction-sections -fdata-sections -fno-exceptions -Wall -funsigned-char -funsigned-bitfields -fpack-struct -fshort-enums -Os -mmcu=attiny45 -std=gnu99 -ffunction-sections -fdata-sections -fno-exceptions -Wall -funsigned-char -funsigned-bitfields -fpack-struct -fshort-enums -Os -mmcu=attiny45 -DARDUINO=23 -DF_CPU=8000000L -Ibuild/core -Ibuild/lib_00/SoftUsb build/core/WInterrupts.c
avr-g++ -o build/core/WMath.o -c -ffunction-sections -fdata-sections -fno-exceptions -Wall -funsigned-char -funsigned-bitfields -fpack-struct -fshort-enums -Os -mmcu=attiny45 -DARDUINO=23 -DF_CPU=8000000L -Ibuild/core -Ibuild/lib_00/SoftUsb build/core/WMath.cpp
avr-g++ -o build/core/WString.o -c -ffunction-sections -fdata-sections -fno-exceptions -Wall -funsigned-char -funsigned-bitfields -fpack-struct -fshort-enums -Os -mmcu=attiny45 -DARDUINO=23 -DF_CPU=8000000L -Ibuild/core -Ibuild/lib_00/SoftUsb build/core/WString.cpp
avr-gcc -o build/core/pins_arduino.o -c -ffunction-sections -fdata-sections -fno-exceptions -Wall -funsigned-char -funsigned-bitfields -fpack-struct -fshort-enums -Os -mmcu=attiny45 -std=gnu99 -ffunction-sections -fdata-sections -fno-exceptions -Wall -funsigned-char -funsigned-bitfields -fpack-struct -fshort-enums -Os -mmcu=attiny45 -DARDUINO=23 -DF_CPU=8000000L -Ibuild/core -Ibuild/lib_00/SoftUsb build/core/pins_arduino.c
avr-gcc -o build/core/usb.o -c -ffunction-sections -fdata-sections -fno-exceptions -Wall -funsigned-char -funsigned-bitfields -fpack-struct -fshort-enums -Os -mmcu=attiny45 -std=gnu99 -ffunction-sections -fdata-sections -fno-exceptions -Wall -funsigned-char -funsigned-bitfields -fpack-struct -fshort-enums -Os -mmcu=attiny45 -DARDUINO=23 -DF_CPU=8000000L -Ibuild/core -Ibuild/lib_00/SoftUsb build/core/usb.c
avr-g++ -o build/core/usb_api.o -c -ffunction-sections -fdata-sections -fno-exceptions -Wall -funsigned-char -funsigned-bitfields -fpack-struct -fshort-enums -Os -mmcu=attiny45 -DARDUINO=23 -DF_CPU=8000000L -Ibuild/core -Ibuild/lib_00/SoftUsb build/core/usb_api.cpp
avr-gcc -o build/core/wiring.o -c -ffunction-sections -fdata-sections -fno-exceptions -Wall -funsigned-char -funsigned-bitfields -fpack-struct -fshort-enums -Os -mmcu=attiny45 -std=gnu99 -ffunction-sections -fdata-sections -fno-exceptions -Wall -funsigned-char -funsigned-bitfields -fpack-struct -fshort-enums -Os -mmcu=attiny45 -DARDUINO=23 -DF_CPU=8000000L -Ibuild/core -Ibuild/lib_00/SoftUsb build/core/wiring.c
avr-gcc -o build/core/wiring_analog.o -c -ffunction-sections -fdata-sections -fno-exceptions -Wall -funsigned-char -funsigned-bitfields -fpack-struct -fshort-enums -Os -mmcu=attiny45 -std=gnu99 -ffunction-sections -fdata-sections -fno-exceptions -Wall -funsigned-char -funsigned-bitfields -fpack-struct -fshort-enums -Os -mmcu=attiny45 -DARDUINO=23 -DF_CPU=8000000L -Ibuild/core -Ibuild/lib_00/SoftUsb build/core/wiring_analog.c
avr-gcc -o build/core/wiring_digital.o -c -ffunction-sections -fdata-sections -fno-exceptions -Wall -funsigned-char -funsigned-bitfields -fpack-struct -fshort-enums -Os -mmcu=attiny45 -std=gnu99 -ffunction-sections -fdata-sections -fno-exceptions -Wall -funsigned-char -funsigned-bitfields -fpack-struct -fshort-enums -Os -mmcu=attiny45 -DARDUINO=23 -DF_CPU=8000000L -Ibuild/core -Ibuild/lib_00/SoftUsb build/core/wiring_digital.c
avr-gcc -o build/core/wiring_pulse.o -c -ffunction-sections -fdata-sections -fno-exceptions -Wall -funsigned-char -funsigned-bitfields -fpack-struct -fshort-enums -Os -mmcu=attiny45 -std=gnu99 -ffunction-sections -fdata-sections -fno-exceptions -Wall -funsigned-char -funsigned-bitfields -fpack-struct -fshort-enums -Os -mmcu=attiny45 -DARDUINO=23 -DF_CPU=8000000L -Ibuild/core -Ibuild/lib_00/SoftUsb build/core/wiring_pulse.c
avr-gcc -o build/core/wiring_shift.o -c -ffunction-sections -fdata-sections -fno-exceptions -Wall -funsigned-char -funsigned-bitfields -fpack-struct -fshort-enums -Os -mmcu=attiny45 -std=gnu99 -ffunction-sections -fdata-sections -fno-exceptions -Wall -funsigned-char -funsigned-bitfields -fpack-struct -fshort-enums -Os -mmcu=attiny45 -DARDUINO=23 -DF_CPU=8000000L -Ibuild/core -Ibuild/lib_00/SoftUsb build/core/wiring_shift.c
fnCompressCore(["build/core.a"], ["build/core/WInterrupts.o", "build/core/wiring_digital.o", "build/core/usb.o", "build/core/wiring_shift.o", "build/core/wiring_pulse.o", "build/core/pins_arduino.o", "build/core/wiring_analog.o", "build/core/wiring.o", "build/core/usb_api.o", "build/core/WString.o", "build/core/WMath.o", "build/core/HardwareSerial.o", "build/core/Tone.o", "build/core/Print.o"])
avr-ar rcs build/core.a build/core/WInterrupts.o
avr-ar rcs build/core.a build/core/wiring_digital.o
avr-ar rcs build/core.a build/core/usb.o
avr-ar rcs build/core.a build/core/wiring_shift.o
avr-ar rcs build/core.a build/core/wiring_pulse.o
avr-ar rcs build/core.a build/core/pins_arduino.o
avr-ar rcs build/core.a build/core/wiring_analog.o
avr-ar rcs build/core.a build/core/wiring.o
avr-ar rcs build/core.a build/core/usb_api.o
avr-ar rcs build/core.a build/core/WString.o
avr-ar rcs build/core.a build/core/WMath.o
avr-ar rcs build/core.a build/core/HardwareSerial.o
avr-ar rcs build/core.a build/core/Tone.o
avr-ar rcs build/core.a build/core/Print.o
avr-g++ -o build/lib_00/SoftUsb/SoftUsb.o -c -ffunction-sections -fdata-sections -fno-exceptions -Wall -funsigned-char -funsigned-bitfields -fpack-struct -fshort-enums -Os -mmcu=attiny45 -DARDUINO=23 -DF_CPU=8000000L -Ibuild/core -Ibuild/lib_00/SoftUsb build/lib_00/SoftUsb/SoftUsb.cpp
scons: building terminated because of errors.

----------
stderr
----------
In file included from build/core/wiring_private.h:30:0,
                 from build/core/HardwareSerial.cpp:38:
/usr/lib/gcc/avr/4.5.3/../../../avr/include/avr/delay.h:36:2: warning: #warning "This file has been moved to <util/delay.h>."
build/core/Print.cpp: In member function 'void Print::print(const String&)':
build/core/Print.cpp:51:32: warning: comparison between signed and unsigned integer expressions
build/core/Print.cpp: In member function 'void Print::print_P(prog_char*)':
build/core/Print.cpp:236:19: warning: suggest parentheses around assignment used as truth value
build/core/Tone.cpp:122:46: warning: only initialized variables can be placed into program memory area
build/core/Tone.cpp: In function 'void TIMER2_COMPA_vect()':
build/core/Tone.cpp:557:1: warning: 'TIMER2_COMPA_vect' appears to be a misspelled signal handler
In file included from build/core/wiring_private.h:30:0,
                 from build/core/WInterrupts.c:40:
/usr/lib/gcc/avr/4.5.3/../../../avr/include/avr/delay.h:36:2: warning: #warning "This file has been moved to <util/delay.h>."
build/core/WInterrupts.c: In function 'attachInterrupt':
build/core/WInterrupts.c:134:6: warning: #warning attachInterrupt may need some more work for this cpu (case 1)
build/core/WInterrupts.c: In function 'detachInterrupt':
build/core/WInterrupts.c:208:6: warning: #warning detachInterrupt may need some more work for this cpu (case 1)
build/core/WInterrupts.c: In function 'INT1_vect':
build/core/WInterrupts.c:274:1: warning: 'INT1_vect' appears to be a misspelled signal handler
In file included from build/core/wiring_private.h:30:0,
                 from build/core/pins_arduino.c:26:
/usr/lib/gcc/avr/4.5.3/../../../avr/include/avr/delay.h:36:2: warning: #warning "This file has been moved to <util/delay.h>."
In file included from build/core/pins_arduino.c:89:0:
build/core/pins_attiny45.cxx:57:2: warning: initialization makes integer from pointer without a cast
build/core/pins_attiny45.cxx:63:2: warning: initialization makes integer from pointer without a cast
build/core/pins_attiny45.cxx:69:2: warning: initialization makes integer from pointer without a cast
In file included from build/core/wiring_private.h:30:0,
                 from build/core/wiring.c:32:
/usr/lib/gcc/avr/4.5.3/../../../avr/include/avr/delay.h:36:2: warning: #warning "This file has been moved to <util/delay.h>."
build/core/wiring.c: In function 'init':
build/core/wiring.c:246:3: warning: #warning , this needs to be finished
In file included from build/core/wiring_private.h:30:0,
                 from build/core/wiring_analog.c:34:
/usr/lib/gcc/avr/4.5.3/../../../avr/include/avr/delay.h:36:2: warning: #warning "This file has been moved to <util/delay.h>."
In file included from build/core/wiring_private.h:30:0,
                 from build/core/wiring_digital.c:34:
/usr/lib/gcc/avr/4.5.3/../../../avr/include/avr/delay.h:36:2: warning: #warning "This file has been moved to <util/delay.h>."
In file included from build/core/wiring_private.h:30:0,
                 from build/core/wiring_pulse.c:25:
/usr/lib/gcc/avr/4.5.3/../../../avr/include/avr/delay.h:36:2: warning: #warning "This file has been moved to <util/delay.h>."
In file included from build/core/wiring_private.h:30:0,
                 from build/core/wiring_shift.c:25:
/usr/lib/gcc/avr/4.5.3/../../../avr/include/avr/delay.h:36:2: warning: #warning "This file has been moved to <util/delay.h>."
build/lib_00/SoftUsb/SoftUsb.cpp:88:32: warning: only initialized variables can be placed into program memory area
build/lib_00/SoftUsb/SoftUsb.cpp:97:38: warning: only initialized variables can be placed into program memory area
build/lib_00/SoftUsb/SoftUsb.cpp:107:35: warning: only initialized variables can be placed into program memory area
build/lib_00/SoftUsb/SoftUsb.cpp: In member function 'void SoftUsb::begin()':
build/lib_00/SoftUsb/SoftUsb.cpp:306:1: error: 'DDRD' was not declared in this scope
scons: *** [build/lib_00/SoftUsb/SoftUsb.o] Error 1