----------
stdout
----------
scons: Reading SConscript files ...
No Arduino version specified. Discovered version 0023 or below
maximum size for hex file: 2048 bytes
scons: done reading SConscript files.
scons: Building targets ...
scons: building associated VariantDir targets: build/local build
fnProcessing(["build/Blink.cpp"], ["build/Blink.pde"])
void setup();
void loop();
/tmp/pyavrutils_t3LdPv/Blink/Blink.pde Blink
avr-g++ -o build/Blink.o -c -ffunction-sections -fdata-sections -fno-exceptions -Wall -funsigned-char -funsigned-bitfields -fpack-struct -fshort-enums -Os -mmcu=attiny26 -DARDUINO=23 -DF_CPU=8000000L -Ibuild/core -Ibuild/lib_00/OneWire -Ibuild/lib_00/SoftUsb build/Blink.cpp
scons: building terminated because of errors.

----------
stderr
----------
In file included from build/Blink.pde:4:0:
build/lib_00/SoftUsb/SoftUsb.h:109:32: warning: only initialized variables can be placed into program memory area
In file included from build/Blink.pde:4:0:
build/lib_00/SoftUsb/SoftUsb.h:118:38: warning: only initialized variables can be placed into program memory area
In file included from build/Blink.pde:4:0:
build/lib_00/SoftUsb/SoftUsb.h:127:35: warning: only initialized variables can be placed into program memory area
In file included from build/lib_00/SoftUsb/SoftUsb.h:129:0,
                 from build/Blink.pde:4:
build/lib_00/SoftUsb/generated_intdefs.h:11:1: error: 'SPM_PAGESIZE' was not declared in this scope
In file included from build/Blink.pde:4:0:
build/lib_00/SoftUsb/SoftUsb.h: In member function 'void SoftUsb::begin()':
build/lib_00/SoftUsb/SoftUsb.h:445:1: error: 'DDRD' was not declared in this scope
scons: *** [build/Blink.o] Error 1